<?xml version="1.0" encoding="UTF-8"?>
<!-- Generated by org.testng.reporters.JUnitReportReporter -->
<testsuite hostname="DESKTOP-M1DRLA4" failures="0" tests="4" name="HttpMethods" time="9.385" errors="0" timestamp="01 Aug 2022 08:09:15 GMT" skipped="0">
  <testcase classname="HttpMethods" name="postmethod" time="1.491"/>
  <testcase classname="HttpMethods" name="deleteMethod" time="5.761"/>
  <testcase classname="HttpMethods" name="putMethod" time="1.442"/>
  <testcase classname="HttpMethods" name="getMethod" time="0.691"/>
</testsuite> <!-- HttpMethods -->
