<?xml version="1.0" encoding="UTF-8"?>
<!-- Generated by org.testng.reporters.JUnitReportReporter -->
<testsuite hostname="DESKTOP-M1DRLA4" failures="0" tests="4" name="A" time="4.071" errors="0" timestamp="28 Mar 2023 12:41:09 GMT" skipped="0">
  <testcase classname="A" name="getUser" time="2.597"/>
  <testcase classname="A" name="createUser" time="0.484"/>
  <testcase classname="A" name="updateUser" time="0.494"/>
  <testcase classname="A" name="deleteUser" time="0.496"/>
</testsuite> <!-- A -->
