<?xml version="1.0" encoding="UTF-8"?>
<!-- Generated by org.testng.reporters.JUnitReportReporter -->
<testsuite hostname="DESKTOP-M1DRLA4" failures="0" tests="3" name="B" time="10.226" errors="0" timestamp="31 Mar 2023 13:57:04 GMT" skipped="0">
  <testcase classname="B" name="createUser" time="5.997"/>
  <testcase classname="B" name="patchuser" time="2.114"/>
  <testcase classname="B" name="updateUser" time="2.115"/>
</testsuite> <!-- B -->
