<?xml version="1.0" encoding="UTF-8"?>
<!-- Generated by org.testng.reporters.JUnitReportReporter -->
<testsuite hostname="DESKTOP-M1DRLA4" failures="0" tests="1" name="HTTPME" time="6.684" errors="0" timestamp="04 Jul 2022 04:21:23 GMT" skipped="0">
  <testcase classname="HTTPME" name="putMethod" time="6.684"/>
</testsuite> <!-- HTTPME -->
